# JRE version: OpenJDK Runtime Environment (11.0.10) (build 11.0.10+0-b96-7249189)
# Java VM: OpenJDK 64-Bit Server VM (11.0.10+0-b96-7249189, mixed mode, tiered, compressed oops, g1 gc, windows-amd64)
Heap:
 garbage-first heap   total 342016K, used 189308K [0x0000000080000000, 0x0000000100000000)
  region size 1024K, 43 young (44032K), 1 survivors (1024K)
 Metaspace       used 143416K, capacity 148046K, committed 149624K, reserved 1179648K
  class space    used 17783K, capacity 19451K, committed 19840K, reserved 1048576K
GC Heap History (20 events):
Event: 8143.441 GC heap before
{Heap before GC invocations=148 (full 0):
 garbage-first heap   total 342016K, used 268895K [0x0000000080000000, 0x0000000100000000)
  region size 1024K, 110 young (112640K), 7 survivors (7168K)
 Metaspace       used 143060K, capacity 147504K, committed 149368K, reserved 1179648K
  class space    used 17759K, capacity 19422K, committed 19840K, reserved 1048576K
}
Event: 8143.461 GC heap after
{Heap after GC invocations=149 (full 0):
 garbage-first heap   total 342016K, used 143897K [0x0000000080000000, 0x0000000100000000)
  region size 1024K, 11 young (11264K), 11 survivors (11264K)
 Metaspace       used 143060K, capacity 147504K, committed 149368K, reserved 1179648K
  class space    used 17759K, capacity 19422K, committed 19840K, reserved 1048576K
}
Event: 8143.477 GC heap before
{Heap before GC invocations=149 (full 0):
 garbage-first heap   total 342016K, used 147993K [0x0000000080000000, 0x0000000100000000)
  region size 1024K, 16 young (16384K), 11 survivors (11264K)
 Metaspace       used 143060K, capacity 147504K, committed 149368K, reserved 1179648K
  class space    used 17759K, capacity 19422K, committed 19840K, reserved 1048576K
}
Event: 8143.539 GC heap after
{Heap after GC invocations=150 (full 0):
 garbage-first heap   total 342016K, used 126283K [0x0000000080000000, 0x0000000100000000)
  region size 1024K, 2 young (2048K), 2 survivors (2048K)
 Metaspace       used 143060K, capacity 147504K, committed 149368K, reserved 1179648K
  class space    used 17759K, capacity 19422K, committed 19840K, reserved 1048576K
}
Event: 8143.592 GC heap before
{Heap before GC invocations=150 (full 0):
 garbage-first heap   total 342016K, used 139595K [0x0000000080000000, 0x0000000100000000)
  region size 1024K, 16 young (16384K), 2 survivors (2048K)
 Metaspace       used 143060K, capacity 147504K, committed 149368K, reserved 1179648K
  class space    used 17759K, capacity 19422K, committed 19840K, reserved 1048576K
}
Event: 8143.612 GC heap after
{Heap after GC invocations=151 (full 0):
 garbage-first heap   total 342016K, used 128512K [0x0000000080000000, 0x0000000100000000)
  region size 1024K, 2 young (2048K), 2 survivors (2048K)
 Metaspace       used 143060K, capacity 147504K, committed 149368K, reserved 1179648K
  class space    used 17759K, capacity 19422K, committed 19840K, reserved 1048576K
}
Event: 8145.520 GC heap before
{Heap before GC invocations=151 (full 0):
 garbage-first heap   total 342016K, used 199168K [0x0000000080000000, 0x0000000100000000)
  region size 1024K, 73 young (74752K), 2 survivors (2048K)
 Metaspace       used 143296K, capacity 147962K, committed 149368K, reserved 1179648K
  class space    used 17781K, capacity 19472K, committed 19840K, reserved 1048576K
}
Event: 8145.559 GC heap after
{Heap after GC invocations=152 (full 0):
 garbage-first heap   total 342016K, used 135136K [0x0000000080000000, 0x0000000100000000)
  region size 1024K, 9 young (9216K), 9 survivors (9216K)
 Metaspace       used 143296K, capacity 147962K, committed 149368K, reserved 1179648K
  class space    used 17781K, capacity 19472K, committed 19840K, reserved 1048576K
}
Event: 8148.289 GC heap before
{Heap before GC invocations=153 (full 0):
 garbage-first heap   total 342016K, used 240608K [0x0000000080000000, 0x0000000100000000)
  region size 1024K, 110 young (112640K), 9 survivors (9216K)
 Metaspace       used 143767K, capacity 148381K, committed 149368K, reserved 1179648K
  class space    used 17827K, capacity 19504K, committed 19840K, reserved 1048576K
}
Event: 8148.326 GC heap after
{Heap after GC invocations=154 (full 0):
 garbage-first heap   total 342016K, used 153269K [0x0000000080000000, 0x0000000100000000)
  region size 1024K, 14 young (14336K), 14 survivors (14336K)
 Metaspace       used 143767K, capacity 148381K, committed 149368K, reserved 1179648K
  class space    used 17827K, capacity 19504K, committed 19840K, reserved 1048576K
}
Event: 8148.401 GC heap before
{Heap before GC invocations=154 (full 0):
 garbage-first heap   total 342016K, used 155317K [0x0000000080000000, 0x0000000100000000)
  region size 1024K, 16 young (16384K), 14 survivors (14336K)
 Metaspace       used 143767K, capacity 148381K, committed 149368K, reserved 1179648K
  class space    used 17827K, capacity 19504K, committed 19840K, reserved 1048576K
}
Event: 8148.488 GC heap after
{Heap after GC invocations=155 (full 0):
 garbage-first heap   total 342016K, used 146814K [0x0000000080000000, 0x0000000100000000)
  region size 1024K, 2 young (2048K), 2 survivors (2048K)
 Metaspace       used 143767K, capacity 148381K, committed 149368K, reserved 1179648K
  class space    used 17827K, capacity 19504K, committed 19840K, reserved 1048576K
}
Event: 8152.394 GC heap before
{Heap before GC invocations=155 (full 0):
 garbage-first heap   total 342016K, used 243070K [0x0000000080000000, 0x0000000100000000)
  region size 1024K, 98 young (100352K), 2 survivors (2048K)
 Metaspace       used 143878K, capacity 148535K, committed 149624K, reserved 1179648K
  class space    used 17835K, capacity 19507K, committed 19840K, reserved 1048576K
}
Event: 8152.411 GC heap after
{Heap after GC invocations=156 (full 0):
 garbage-first heap   total 342016K, used 148776K [0x0000000080000000, 0x0000000100000000)
  region size 1024K, 4 young (4096K), 4 survivors (4096K)
 Metaspace       used 143878K, capacity 148535K, committed 149624K, reserved 1179648K
  class space    used 17835K, capacity 19507K, committed 19840K, reserved 1048576K
}
Event: 8153.220 GC heap before
{Heap before GC invocations=157 (full 0):
 garbage-first heap   total 342016K, used 258344K [0x0000000080000000, 0x0000000100000000)
  region size 1024K, 107 young (109568K), 4 survivors (4096K)
 Metaspace       used 143935K, capacity 148590K, committed 149624K, reserved 1179648K
  class space    used 17840K, capacity 19516K, committed 19840K, reserved 1048576K
}
Event: 8153.238 GC heap after
{Heap after GC invocations=158 (full 0):
 garbage-first heap   total 342016K, used 156576K [0x0000000080000000, 0x0000000100000000)
  region size 1024K, 12 young (12288K), 12 survivors (12288K)
 Metaspace       used 143935K, capacity 148590K, committed 149624K, reserved 1179648K
  class space    used 17840K, capacity 19516K, committed 19840K, reserved 1048576K
}
Event: 8153.272 GC heap before
{Heap before GC invocations=158 (full 0):
 garbage-first heap   total 342016K, used 160672K [0x0000000080000000, 0x0000000100000000)
  region size 1024K, 16 young (16384K), 12 survivors (12288K)
 Metaspace       used 143937K, capacity 148590K, committed 149624K, reserved 1179648K
  class space    used 17840K, capacity 19516K, committed 19840K, reserved 1048576K
}
Event: 8153.309 GC heap after
{Heap after GC invocations=159 (full 0):
 garbage-first heap   total 342016K, used 148867K [0x0000000080000000, 0x0000000100000000)
  region size 1024K, 2 young (2048K), 2 survivors (2048K)
 Metaspace       used 143937K, capacity 148590K, committed 149624K, reserved 1179648K
  class space    used 17840K, capacity 19516K, committed 19840K, reserved 1048576K
}
Event: 8153.477 GC heap before
{Heap before GC invocations=159 (full 0):
 garbage-first heap   total 342016K, used 161155K [0x0000000080000000, 0x0000000100000000)
  region size 1024K, 16 young (16384K), 2 survivors (2048K)
 Metaspace       used 143938K, capacity 148590K, committed 149624K, reserved 1179648K
  class space    used 17840K, capacity 19516K, committed 19840K, reserved 1048576K
}
Event: 8153.488 GC heap after
{Heap after GC invocations=160 (full 0):
 garbage-first heap   total 342016K, used 148348K [0x0000000080000000, 0x0000000100000000)
  region size 1024K, 1 young (1024K), 1 survivors (1024K)
 Metaspace       used 143938K, capacity 148590K, committed 149624K, reserved 1179648K
  class space    used 17840K, capacity 19516K, committed 19840K, reserved 1048576K
}

